<?xml version="1.0" encoding="UTF-8"?>
<Site BuildName="(empty)"
	BuildStamp="20260223-2339-Experimental"
	Name="AIDA"
	Generator="ctest-3.22.1"
	CompilerName="/usr/bin/g++"
	CompilerVersion="11.4.0"
	OSName="Linux"
	Hostname="AIDA"
	OSRelease="6.8.0-101-generic"
	OSVersion="#101~22.04.1-Ubuntu SMP PREEMPT_DYNAMIC Wed Feb 11 13:19:54 UTC "
	OSPlatform="x86_64"
	Is64Bits="1"
	VendorString="AuthenticAMD"
	VendorID="Advanced Micro Devices"
	FamilyID="25"
	ModelID="117"
	ProcessorCacheSize="1024"
	NumberOfLogicalCPU="16"
	NumberOfPhysicalCPU="8"
	TotalVirtualMemory="2047"
	TotalPhysicalMemory="31339"
	LogicalProcessorsPerPhysical="2"
	ProcessorClockFrequency="2708.5"
	>
	<Testing>
		<StartDateTime>Feb 23 17:53 CST</StartDateTime>
		<StartTestTime>1771890834</StartTestTime>
		<TestList/>
		<EndDateTime>Feb 23 17:53 CST</EndDateTime>
		<EndTestTime>1771890834</EndTestTime>
		<ElapsedMinutes>0</ElapsedMinutes>
	</Testing>
</Site>
